Using pre-set license
Built from '2020.3/staging' branch; Version is '2020.3.32f1 (12f8b0834f07) revision 1243312'; Using compiler version '192528614'; Build Type 'Release'
OS: 'Windows 11  (10.0.22000) 64bit Core' Language: 'en' Physical Memory: 32630 MB
BatchMode: 1, IsHumanControllingUs: 0, StartBugReporterOnCrash: 0, Is64bit: 1, IsPro: 0

COMMAND LINE ARGUMENTS:
C:\Program Files\Unity\Hub\Editor\2020.3.32f1\Editor\Unity.exe
-adb2
-batchMode
-noUpm
-name
AssetImportWorker0
-projectPath
C:/Users/Jonathan/source/repos/Github-Experiment/Island Generator/IG
-logFile
Logs/AssetImportWorker0.log
-srvPort
53958
Successfully changed project path to: C:/Users/Jonathan/source/repos/Github-Experiment/Island Generator/IG
C:/Users/Jonathan/source/repos/Github-Experiment/Island Generator/IG
Using Asset Import Pipeline V2.
Refreshing native plugins compatible for Editor in 24.30 ms, found 2 plugins.
Preloading 0 native plugins for Editor in 0.00 ms.
Initialize engine version: 2020.3.32f1 (12f8b0834f07)
[Subsystems] Discovering subsystems at path C:/Program Files/Unity/Hub/Editor/2020.3.32f1/Editor/Data/Resources/UnitySubsystems
[Subsystems] Discovering subsystems at path C:/Users/Jonathan/source/repos/Github-Experiment/Island Generator/IG/Assets
GfxDevice: creating device client; threaded=0
Direct3D:
    Version:  Direct3D 11.0 [level 11.1]
    Renderer: NVIDIA GeForce RTX 2060 (ID=0x1f08)
    Vendor:   
    VRAM:     5980 MB
    Driver:   31.0.15.1694
Initialize mono
Mono path[0] = 'C:/Program Files/Unity/Hub/Editor/2020.3.32f1/Editor/Data/Managed'
Mono path[1] = 'C:/Program Files/Unity/Hub/Editor/2020.3.32f1/Editor/Data/MonoBleedingEdge/lib/mono/unityjit'
Mono config path = 'C:/Program Files/Unity/Hub/Editor/2020.3.32f1/Editor/Data/MonoBleedingEdge/etc'
Using monoOptions --debugger-agent=transport=dt_socket,embedding=1,server=y,suspend=n,address=127.0.0.1:56284
Begin MonoManager ReloadAssembly
Registering precompiled unity dll's ...
Register platform support module: C:/Program Files/Unity/Hub/Editor/2020.3.32f1/Editor/Data/PlaybackEngines/WebGLSupport/UnityEditor.WebGL.Extensions.dll
Register platform support module: C:/Program Files/Unity/Hub/Editor/2020.3.32f1/Editor/Data/PlaybackEngines/WindowsStandaloneSupport/UnityEditor.WindowsStandalone.Extensions.dll
Registered in 0.001715 seconds.
Native extension for WindowsStandalone target not found
Native extension for WebGL target not found
Refreshing native plugins compatible for Editor in 24.80 ms, found 2 plugins.
Preloading 0 native plugins for Editor in 0.00 ms.
Mono: successfully reloaded assembly
- Completed reload, in  0.458 seconds
Domain Reload Profiling:
	ReloadAssembly (459ms)
		BeginReloadAssembly (48ms)
			ExecutionOrderSort (0ms)
			DisableScriptedObjects (0ms)
			BackupInstance (0ms)
			ReleaseScriptingObjects (0ms)
			CreateAndSetChildDomain (1ms)
		EndReloadAssembly (354ms)
			LoadAssemblies (46ms)
			RebuildTransferFunctionScriptingTraits (0ms)
			SetupTypeCache (126ms)
			ReleaseScriptCaches (0ms)
			RebuildScriptCaches (24ms)
			SetupLoadedEditorAssemblies (128ms)
				LogAssemblyErrors (0ms)
				InitializePlatformSupportModulesInManaged (4ms)
				SetLoadedEditorAssemblies (0ms)
				RefreshPlugins (25ms)
				BeforeProcessingInitializeOnLoad (11ms)
				ProcessInitializeOnLoadAttributes (66ms)
				ProcessInitializeOnLoadMethodAttributes (22ms)
				AfterProcessingInitializeOnLoad (0ms)
				EditorAssembliesLoaded (0ms)
			ExecutionOrderSort2 (0ms)
			AwakeInstancesAfterBackupRestoration (0ms)
Platform modules already initialized, skipping
Registering precompiled user dll's ...
Registered in 0.002564 seconds.
Begin MonoManager ReloadAssembly
Native extension for WindowsStandalone target not found
Native extension for WebGL target not found
Refreshing native plugins compatible for Editor in 0.26 ms, found 2 plugins.
Preloading 0 native plugins for Editor in 0.00 ms.
Mono: successfully reloaded assembly
- Completed reload, in  0.783 seconds
Domain Reload Profiling:
	ReloadAssembly (784ms)
		BeginReloadAssembly (119ms)
			ExecutionOrderSort (0ms)
			DisableScriptedObjects (4ms)
			BackupInstance (0ms)
			ReleaseScriptingObjects (0ms)
			CreateAndSetChildDomain (15ms)
		EndReloadAssembly (617ms)
			LoadAssemblies (70ms)
			RebuildTransferFunctionScriptingTraits (0ms)
			SetupTypeCache (216ms)
			ReleaseScriptCaches (0ms)
			RebuildScriptCaches (32ms)
			SetupLoadedEditorAssemblies (226ms)
				LogAssemblyErrors (0ms)
				InitializePlatformSupportModulesInManaged (4ms)
				SetLoadedEditorAssemblies (0ms)
				RefreshPlugins (0ms)
				BeforeProcessingInitializeOnLoad (63ms)
				ProcessInitializeOnLoadAttributes (146ms)
				ProcessInitializeOnLoadMethodAttributes (7ms)
				AfterProcessingInitializeOnLoad (5ms)
				EditorAssembliesLoaded (0ms)
			ExecutionOrderSort2 (0ms)
			AwakeInstancesAfterBackupRestoration (6ms)
Platform modules already initialized, skipping
========================================================================
Worker process is ready to serve import requests
Launched and connected shader compiler UnityShaderCompiler.exe after 0.03 seconds
Refreshing native plugins compatible for Editor in 0.27 ms, found 2 plugins.
Preloading 0 native plugins for Editor in 0.00 ms.
Unloading 1506 Unused Serialized files (Serialized files now loaded: 0)
System memory in use before: 68.6 MB.
System memory in use after: 68.6 MB.

Unloading 16 unused Assets to reduce memory usage. Loaded Objects now: 1942.
Total: 1.987600 ms (FindLiveObjects: 0.108700 ms CreateObjectMapping: 0.044500 ms MarkObjects: 1.785200 ms  DeleteObjects: 0.048200 ms)

AssetImportParameters requested are different than current active one (requested -> active):
  custom:framework-win-MediaFoundation: 216162199b28c13a410421893ffa2e32 -> 
  custom:video-decoder-ogg-theora: a1e56fd34408186e4bbccfd4996cb3dc -> 
  custom:container-muxer-webm: aa71ff27fc2769a1b78a27578f13a17b -> 
  custom:container-demuxer-webm: 4f35f7cbe854078d1ac9338744f61a02 -> 
  custom:container-demuxer-ogg: 62fdf1f143b41e24485cea50d1cbac27 -> 
  custom:video-encoder-webm-vp8: eb34c28f22e8b96e1ab97ce403110664 -> 
  custom:video-codec-MediaFoundation-h265: 746d11721c4dcdbdad8f713fa42b33f4 -> 
  custom:video-decoder-webm-vp8: 9c59270c3fd7afecdb556c50c9e8de78 -> 
  custom:audio-decoder-ogg-vorbis: bf7c407c2cedff20999df2af8eb42d56 -> 
  custom:audio-encoder-webm-vorbis: bf7c407c2cedff20999df2af8eb42d56 -> 
========================================================================
Received Import Request.
  path: Assets/DAE format
  artifactKey: Guid(290bb6ceffe034747bb4f561a2b34b5a) Importer(815301076,1909f56bfc062723c751e8b465ee728b)
Start importing Assets/DAE format using Guid(290bb6ceffe034747bb4f561a2b34b5a) Importer(815301076,1909f56bfc062723c751e8b465ee728b)  -> (artifact id: 'f935dd0d27a7f71ed0f6e87d0e96e464') in 0.004163 seconds 
========================================================================
Received Prepare
Registering precompiled user dll's ...
Registered in 0.002223 seconds.
Begin MonoManager ReloadAssembly
Native extension for WindowsStandalone target not found
Native extension for WebGL target not found
Refreshing native plugins compatible for Editor in 0.28 ms, found 2 plugins.
Preloading 0 native plugins for Editor in 0.00 ms.
Mono: successfully reloaded assembly
- Completed reload, in  0.749 seconds
Domain Reload Profiling:
	ReloadAssembly (749ms)
		BeginReloadAssembly (92ms)
			ExecutionOrderSort (0ms)
			DisableScriptedObjects (4ms)
			BackupInstance (0ms)
			ReleaseScriptingObjects (0ms)
			CreateAndSetChildDomain (26ms)
		EndReloadAssembly (608ms)
			LoadAssemblies (76ms)
			RebuildTransferFunctionScriptingTraits (0ms)
			SetupTypeCache (222ms)
			ReleaseScriptCaches (1ms)
			RebuildScriptCaches (29ms)
			SetupLoadedEditorAssemblies (211ms)
				LogAssemblyErrors (0ms)
				InitializePlatformSupportModulesInManaged (4ms)
				SetLoadedEditorAssemblies (0ms)
				RefreshPlugins (0ms)
				BeforeProcessingInitializeOnLoad (59ms)
				ProcessInitializeOnLoadAttributes (136ms)
				ProcessInitializeOnLoadMethodAttributes (6ms)
				AfterProcessingInitializeOnLoad (5ms)
				EditorAssembliesLoaded (0ms)
			ExecutionOrderSort2 (0ms)
			AwakeInstancesAfterBackupRestoration (5ms)
Platform modules already initialized, skipping
Refreshing native plugins compatible for Editor in 0.27 ms, found 2 plugins.
Preloading 0 native plugins for Editor in 0.00 ms.
Unloading 1501 Unused Serialized files (Serialized files now loaded: 0)
System memory in use before: 68.5 MB.
System memory in use after: 68.6 MB.

Unloading 11 unused Assets to reduce memory usage. Loaded Objects now: 1946.
Total: 2.207000 ms (FindLiveObjects: 0.104000 ms CreateObjectMapping: 0.041800 ms MarkObjects: 2.043000 ms  DeleteObjects: 0.017600 ms)

AssetImportParameters requested are different than current active one (requested -> active):
  custom:framework-win-MediaFoundation: 216162199b28c13a410421893ffa2e32 -> 
  custom:video-decoder-ogg-theora: a1e56fd34408186e4bbccfd4996cb3dc -> 
  custom:container-muxer-webm: aa71ff27fc2769a1b78a27578f13a17b -> 
  custom:container-demuxer-webm: 4f35f7cbe854078d1ac9338744f61a02 -> 
  custom:container-demuxer-ogg: 62fdf1f143b41e24485cea50d1cbac27 -> 
  custom:video-encoder-webm-vp8: eb34c28f22e8b96e1ab97ce403110664 -> 
  custom:video-codec-MediaFoundation-h265: 746d11721c4dcdbdad8f713fa42b33f4 -> 
  custom:video-decoder-webm-vp8: 9c59270c3fd7afecdb556c50c9e8de78 -> 
  custom:audio-decoder-ogg-vorbis: bf7c407c2cedff20999df2af8eb42d56 -> 
  custom:audio-encoder-webm-vorbis: bf7c407c2cedff20999df2af8eb42d56 -> 
========================================================================
Received Prepare
Registering precompiled user dll's ...
Registered in 0.002169 seconds.
Begin MonoManager ReloadAssembly
Native extension for WindowsStandalone target not found
Native extension for WebGL target not found
Refreshing native plugins compatible for Editor in 0.28 ms, found 2 plugins.
Preloading 0 native plugins for Editor in 0.00 ms.
Mono: successfully reloaded assembly
- Completed reload, in  0.710 seconds
Domain Reload Profiling:
	ReloadAssembly (710ms)
		BeginReloadAssembly (87ms)
			ExecutionOrderSort (0ms)
			DisableScriptedObjects (3ms)
			BackupInstance (0ms)
			ReleaseScriptingObjects (0ms)
			CreateAndSetChildDomain (25ms)
		EndReloadAssembly (576ms)
			LoadAssemblies (68ms)
			RebuildTransferFunctionScriptingTraits (0ms)
			SetupTypeCache (206ms)
			ReleaseScriptCaches (1ms)
			RebuildScriptCaches (29ms)
			SetupLoadedEditorAssemblies (206ms)
				LogAssemblyErrors (0ms)
				InitializePlatformSupportModulesInManaged (4ms)
				SetLoadedEditorAssemblies (0ms)
				RefreshPlugins (0ms)
				BeforeProcessingInitializeOnLoad (58ms)
				ProcessInitializeOnLoadAttributes (132ms)
				ProcessInitializeOnLoadMethodAttributes (6ms)
				AfterProcessingInitializeOnLoad (5ms)
				EditorAssembliesLoaded (0ms)
			ExecutionOrderSort2 (0ms)
			AwakeInstancesAfterBackupRestoration (5ms)
Platform modules already initialized, skipping
Refreshing native plugins compatible for Editor in 0.24 ms, found 2 plugins.
Preloading 0 native plugins for Editor in 0.00 ms.
Unloading 1501 Unused Serialized files (Serialized files now loaded: 0)
System memory in use before: 68.5 MB.
System memory in use after: 68.6 MB.

Unloading 11 unused Assets to reduce memory usage. Loaded Objects now: 1949.
Total: 1.915800 ms (FindLiveObjects: 0.100400 ms CreateObjectMapping: 0.041100 ms MarkObjects: 1.759000 ms  DeleteObjects: 0.014700 ms)

AssetImportParameters requested are different than current active one (requested -> active):
  custom:framework-win-MediaFoundation: 216162199b28c13a410421893ffa2e32 -> 
  custom:video-decoder-ogg-theora: a1e56fd34408186e4bbccfd4996cb3dc -> 
  custom:container-muxer-webm: aa71ff27fc2769a1b78a27578f13a17b -> 
  custom:container-demuxer-webm: 4f35f7cbe854078d1ac9338744f61a02 -> 
  custom:container-demuxer-ogg: 62fdf1f143b41e24485cea50d1cbac27 -> 
  custom:video-encoder-webm-vp8: eb34c28f22e8b96e1ab97ce403110664 -> 
  custom:video-codec-MediaFoundation-h265: 746d11721c4dcdbdad8f713fa42b33f4 -> 
  custom:video-decoder-webm-vp8: 9c59270c3fd7afecdb556c50c9e8de78 -> 
  custom:audio-decoder-ogg-vorbis: bf7c407c2cedff20999df2af8eb42d56 -> 
  custom:audio-encoder-webm-vorbis: bf7c407c2cedff20999df2af8eb42d56 -> 
========================================================================
Received Prepare
Registering precompiled user dll's ...
Registered in 0.002190 seconds.
Begin MonoManager ReloadAssembly
Native extension for WindowsStandalone target not found
Native extension for WebGL target not found
Refreshing native plugins compatible for Editor in 0.27 ms, found 2 plugins.
Preloading 0 native plugins for Editor in 0.00 ms.
Mono: successfully reloaded assembly
- Completed reload, in  0.704 seconds
Domain Reload Profiling:
	ReloadAssembly (704ms)
		BeginReloadAssembly (84ms)
			ExecutionOrderSort (0ms)
			DisableScriptedObjects (3ms)
			BackupInstance (0ms)
			ReleaseScriptingObjects (0ms)
			CreateAndSetChildDomain (24ms)
		EndReloadAssembly (572ms)
			LoadAssemblies (68ms)
			RebuildTransferFunctionScriptingTraits (0ms)
			SetupTypeCache (200ms)
			ReleaseScriptCaches (1ms)
			RebuildScriptCaches (29ms)
			SetupLoadedEditorAssemblies (208ms)
				LogAssemblyErrors (0ms)
				InitializePlatformSupportModulesInManaged (4ms)
				SetLoadedEditorAssemblies (0ms)
				RefreshPlugins (0ms)
				BeforeProcessingInitializeOnLoad (57ms)
				ProcessInitializeOnLoadAttributes (133ms)
				ProcessInitializeOnLoadMethodAttributes (7ms)
				AfterProcessingInitializeOnLoad (5ms)
				EditorAssembliesLoaded (0ms)
			ExecutionOrderSort2 (0ms)
			AwakeInstancesAfterBackupRestoration (5ms)
Platform modules already initialized, skipping
Refreshing native plugins compatible for Editor in 0.27 ms, found 2 plugins.
Preloading 0 native plugins for Editor in 0.00 ms.
Unloading 1501 Unused Serialized files (Serialized files now loaded: 0)
System memory in use before: 68.5 MB.
System memory in use after: 68.6 MB.

Unloading 11 unused Assets to reduce memory usage. Loaded Objects now: 1952.
Total: 2.078300 ms (FindLiveObjects: 0.107500 ms CreateObjectMapping: 0.035600 ms MarkObjects: 1.920800 ms  DeleteObjects: 0.013900 ms)

AssetImportParameters requested are different than current active one (requested -> active):
  custom:framework-win-MediaFoundation: 216162199b28c13a410421893ffa2e32 -> 
  custom:video-decoder-ogg-theora: a1e56fd34408186e4bbccfd4996cb3dc -> 
  custom:container-muxer-webm: aa71ff27fc2769a1b78a27578f13a17b -> 
  custom:container-demuxer-webm: 4f35f7cbe854078d1ac9338744f61a02 -> 
  custom:container-demuxer-ogg: 62fdf1f143b41e24485cea50d1cbac27 -> 
  custom:video-encoder-webm-vp8: eb34c28f22e8b96e1ab97ce403110664 -> 
  custom:video-codec-MediaFoundation-h265: 746d11721c4dcdbdad8f713fa42b33f4 -> 
  custom:video-decoder-webm-vp8: 9c59270c3fd7afecdb556c50c9e8de78 -> 
  custom:audio-decoder-ogg-vorbis: bf7c407c2cedff20999df2af8eb42d56 -> 
  custom:audio-encoder-webm-vorbis: bf7c407c2cedff20999df2af8eb42d56 -> 
========================================================================
Received Import Request.
  Time since last request: 1349.221971 seconds.
  path: Assets/DAE format/barrel.dae
  artifactKey: Guid(1ac9383a53fd59b45bc849353e91c59b) Importer(815301076,1909f56bfc062723c751e8b465ee728b)
Start importing Assets/DAE format/barrel.dae using Guid(1ac9383a53fd59b45bc849353e91c59b) Importer(815301076,1909f56bfc062723c751e8b465ee728b)  -> (artifact id: 'ee882a2d79ee73ffe7369bd09aa4665f') in 0.266052 seconds 
========================================================================
Received Import Request.
  Time since last request: 0.000295 seconds.
  path: Assets/DAE format/grassLarge.dae
  artifactKey: Guid(20e46248dd25825469488ceae2a7813b) Importer(815301076,1909f56bfc062723c751e8b465ee728b)
Start importing Assets/DAE format/grassLarge.dae using Guid(20e46248dd25825469488ceae2a7813b) Importer(815301076,1909f56bfc062723c751e8b465ee728b)  -> (artifact id: '4d9a307218bf356cd1959776185b1358') in 0.019320 seconds 
========================================================================
Received Import Request.
  Time since last request: 0.000238 seconds.
  path: Assets/DAE format/treeFallLarge.dae
  artifactKey: Guid(262eef4d7e467e648a5db46131a8c518) Importer(815301076,1909f56bfc062723c751e8b465ee728b)
Start importing Assets/DAE format/treeFallLarge.dae using Guid(262eef4d7e467e648a5db46131a8c518) Importer(815301076,1909f56bfc062723c751e8b465ee728b)  -> (artifact id: '539d737b1d0441d8d8759263ee521a8d') in 0.041924 seconds 
========================================================================
Received Import Request.
  Time since last request: 0.000237 seconds.
  path: Assets/DAE format/rockFlat.dae
  artifactKey: Guid(c3161b3375f720b4b8a86977ed8daac7) Importer(815301076,1909f56bfc062723c751e8b465ee728b)
Start importing Assets/DAE format/rockFlat.dae using Guid(c3161b3375f720b4b8a86977ed8daac7) Importer(815301076,1909f56bfc062723c751e8b465ee728b)  -> (artifact id: 'c624446d5d4b0a779ebfc547d2277730') in 0.019990 seconds 
========================================================================
Received Import Request.
  Time since last request: 0.000193 seconds.
  path: Assets/DAE format/rockC.dae
  artifactKey: Guid(3b57378ed85b3e34092791bd8d241f29) Importer(815301076,1909f56bfc062723c751e8b465ee728b)
Start importing Assets/DAE format/rockC.dae using Guid(3b57378ed85b3e34092791bd8d241f29) Importer(815301076,1909f56bfc062723c751e8b465ee728b)  -> (artifact id: '05bec26774ac1fbd26c37856ac9e9433') in 0.013824 seconds 
========================================================================
Received Import Request.
  Time since last request: 0.000156 seconds.
  path: Assets/DAE format/signpost.dae
  artifactKey: Guid(bdf94f3dea79e14409bc278123071d9e) Importer(815301076,1909f56bfc062723c751e8b465ee728b)
Start importing Assets/DAE format/signpost.dae using Guid(bdf94f3dea79e14409bc278123071d9e) Importer(815301076,1909f56bfc062723c751e8b465ee728b)  -> (artifact id: '0dd5eec94e55805df2f3a61e1de74c55') in 0.013817 seconds 
========================================================================
Received Import Request.
  Time since last request: 0.000227 seconds.
  path: Assets/DAE format/tentHalf.dae
  artifactKey: Guid(71855d3e93fb2e3418102284379e4b95) Importer(815301076,1909f56bfc062723c751e8b465ee728b)
Start importing Assets/DAE format/tentHalf.dae using Guid(71855d3e93fb2e3418102284379e4b95) Importer(815301076,1909f56bfc062723c751e8b465ee728b)  -> (artifact id: '5b6205aee722ff4c6b515116b2b30145') in 0.017662 seconds 
========================================================================
Received Import Request.
  Time since last request: 0.000182 seconds.
  path: Assets/DAE format/toolAxe.dae
  artifactKey: Guid(7a0c5eb4fb8f197409cc8dc1df5cb77f) Importer(815301076,1909f56bfc062723c751e8b465ee728b)
Start importing Assets/DAE format/toolAxe.dae using Guid(7a0c5eb4fb8f197409cc8dc1df5cb77f) Importer(815301076,1909f56bfc062723c751e8b465ee728b)  -> (artifact id: '385a12f62e25bc7fe32121764592593f') in 0.019938 seconds 
========================================================================
Received Import Request.
  Time since last request: 0.000163 seconds.
  path: Assets/DAE format/fishingStand.dae
  artifactKey: Guid(394de0f68418c6c4baf3e4c172e428aa) Importer(815301076,1909f56bfc062723c751e8b465ee728b)
Start importing Assets/DAE format/fishingStand.dae using Guid(394de0f68418c6c4baf3e4c172e428aa) Importer(815301076,1909f56bfc062723c751e8b465ee728b)  -> (artifact id: 'ad752157a35c91793a63c4d4bda6c38c') in 0.013782 seconds 
========================================================================
Received Import Request.
  Time since last request: 0.000145 seconds.
  path: Assets/DAE format/resourceWood.dae
  artifactKey: Guid(0af10e26004ff7c4594dfe22e827b455) Importer(815301076,1909f56bfc062723c751e8b465ee728b)
Start importing Assets/DAE format/resourceWood.dae using Guid(0af10e26004ff7c4594dfe22e827b455) Importer(815301076,1909f56bfc062723c751e8b465ee728b)  -> (artifact id: 'efcadedbc2952df34a7e1ea3c52f0c31') in 0.013397 seconds 
========================================================================
Received Import Request.
  Time since last request: 0.000164 seconds.
  path: Assets/DAE format/signpostSingle.dae
  artifactKey: Guid(d6b07dc177c78064e979729a18882c0c) Importer(815301076,1909f56bfc062723c751e8b465ee728b)
Start importing Assets/DAE format/signpostSingle.dae using Guid(d6b07dc177c78064e979729a18882c0c) Importer(815301076,1909f56bfc062723c751e8b465ee728b)  -> (artifact id: '4a152cdef3dc141acc926a1558ec60f8') in 0.013446 seconds 
========================================================================
Received Import Request.
  Time since last request: 0.000158 seconds.
  path: Assets/DAE format/toolHoe.dae
  artifactKey: Guid(f30078a9876deb940b872a6c0f294b5b) Importer(815301076,1909f56bfc062723c751e8b465ee728b)
Start importing Assets/DAE format/toolHoe.dae using Guid(f30078a9876deb940b872a6c0f294b5b) Importer(815301076,1909f56bfc062723c751e8b465ee728b)  -> (artifact id: '5edf874a8c7bc353ed4c075c033cd5dd') in 0.016635 seconds 
========================================================================
Received Import Request.
  Time since last request: 0.000170 seconds.
  path: Assets/DAE format/workbenchGrind.dae
  artifactKey: Guid(b27c37218d41ddf479d9f7f37f038caf) Importer(815301076,1909f56bfc062723c751e8b465ee728b)
Start importing Assets/DAE format/workbenchGrind.dae using Guid(b27c37218d41ddf479d9f7f37f038caf) Importer(815301076,1909f56bfc062723c751e8b465ee728b)  -> (artifact id: '9b1a99f44c62da5cfc112d47c4e59a9a') in 0.022215 seconds 
========================================================================
Received Import Request.
  Time since last request: 0.000216 seconds.
  path: Assets/DAE format/structure.dae
  artifactKey: Guid(fe34bafb2a5d6e94d8c14153490e6d8c) Importer(815301076,1909f56bfc062723c751e8b465ee728b)
Start importing Assets/DAE format/structure.dae using Guid(fe34bafb2a5d6e94d8c14153490e6d8c) Importer(815301076,1909f56bfc062723c751e8b465ee728b)  -> (artifact id: '173f8f3400d2401543d431fbeb27b558') in 0.013790 seconds 
========================================================================
Received Import Request.
  Time since last request: 0.000353 seconds.
  path: Assets/DAE format/treeFall.dae
  artifactKey: Guid(4e272a7179a7d044784a0b7b518df011) Importer(815301076,1909f56bfc062723c751e8b465ee728b)
Start importing Assets/DAE format/treeFall.dae using Guid(4e272a7179a7d044784a0b7b518df011) Importer(815301076,1909f56bfc062723c751e8b465ee728b)  -> (artifact id: 'f1a758b9f7baee3ee12e63fd8a926fd9') in 0.017917 seconds 
========================================================================
Received Import Request.
  Time since last request: 0.000167 seconds.
  path: Assets/DAE format/barrelOpen.dae
  artifactKey: Guid(bcf26e0a7e51ea2419e16a0790e86765) Importer(815301076,1909f56bfc062723c751e8b465ee728b)
Start importing Assets/DAE format/barrelOpen.dae using Guid(bcf26e0a7e51ea2419e16a0790e86765) Importer(815301076,1909f56bfc062723c751e8b465ee728b)  -> (artifact id: '7b570a1e6ec1bd0ff8d837ae4e9d3c51') in 0.017330 seconds 
========================================================================
Received Import Request.
  Time since last request: 0.000226 seconds.
  path: Assets/DAE format/rockA.dae
  artifactKey: Guid(a0bd1b2632a401c4694d32a46da1b8ca) Importer(815301076,1909f56bfc062723c751e8b465ee728b)
Start importing Assets/DAE format/rockA.dae using Guid(a0bd1b2632a401c4694d32a46da1b8ca) Importer(815301076,1909f56bfc062723c751e8b465ee728b)  -> (artifact id: 'afbd710e36dedcd92d4226fe9aedd018') in 0.013626 seconds 
========================================================================
Received Import Request.
  Time since last request: 0.000163 seconds.
  path: Assets/DAE format/boxOpen.dae
  artifactKey: Guid(c7928c52864da3646980d34c2ca934b7) Importer(815301076,1909f56bfc062723c751e8b465ee728b)
Start importing Assets/DAE format/boxOpen.dae using Guid(c7928c52864da3646980d34c2ca934b7) Importer(815301076,1909f56bfc062723c751e8b465ee728b)  -> (artifact id: 'eaab0486b73537a86a024367a1f82dfa') in 0.019915 seconds 
========================================================================
Received Import Request.
  Time since last request: 0.000161 seconds.
  path: Assets/DAE format/bedrollFrame.dae
  artifactKey: Guid(cb0c425591335ff4a97f8bd214117a18) Importer(815301076,1909f56bfc062723c751e8b465ee728b)
Start importing Assets/DAE format/bedrollFrame.dae using Guid(cb0c425591335ff4a97f8bd214117a18) Importer(815301076,1909f56bfc062723c751e8b465ee728b)  -> (artifact id: '971e814389b786a508c6e7c8df838b09') in 0.014084 seconds 
========================================================================
Received Import Request.
  Time since last request: 0.000198 seconds.
  path: Assets/DAE format/structureBase.dae
  artifactKey: Guid(3d6ba009d7c29e04a8c13d615656ca22) Importer(815301076,1909f56bfc062723c751e8b465ee728b)
Start importing Assets/DAE format/structureBase.dae using Guid(3d6ba009d7c29e04a8c13d615656ca22) Importer(815301076,1909f56bfc062723c751e8b465ee728b)  -> (artifact id: '9222bbd36239dddc6bac908b39547beb') in 0.017818 seconds 
========================================================================
Received Import Request.
  Time since last request: 0.000147 seconds.
  path: Assets/DAE format/floor.dae
  artifactKey: Guid(1eb6bb5576cd9784684fd50d24a2c9e1) Importer(815301076,1909f56bfc062723c751e8b465ee728b)
Start importing Assets/DAE format/floor.dae using Guid(1eb6bb5576cd9784684fd50d24a2c9e1) Importer(815301076,1909f56bfc062723c751e8b465ee728b)  -> (artifact id: '6266389b39747f6b1f3c1ff6f07d9488') in 0.016526 seconds 
========================================================================
Received Import Request.
  Time since last request: 0.000150 seconds.
  path: Assets/DAE format/campfire.dae
  artifactKey: Guid(2d4860e87d59050459985b3ed6bf9473) Importer(815301076,1909f56bfc062723c751e8b465ee728b)
Start importing Assets/DAE format/campfire.dae using Guid(2d4860e87d59050459985b3ed6bf9473) Importer(815301076,1909f56bfc062723c751e8b465ee728b)  -> (artifact id: 'e2bb1e783c6275ba72159faab3a3c143') in 0.037771 seconds 
========================================================================
Received Import Request.
  Time since last request: 0.000159 seconds.
  path: Assets/DAE format/tent.dae
  artifactKey: Guid(f8bde6be4041c02469cb72b1bed450a1) Importer(815301076,1909f56bfc062723c751e8b465ee728b)
Start importing Assets/DAE format/tent.dae using Guid(f8bde6be4041c02469cb72b1bed450a1) Importer(815301076,1909f56bfc062723c751e8b465ee728b)  -> (artifact id: 'c39c6a7c44a899a337fa972b673133ef') in 0.013615 seconds 
========================================================================
Received Import Request.
  Time since last request: 0.000156 seconds.
  path: Assets/DAE format/treeLarge.dae
  artifactKey: Guid(49f04062e0eefe84ea9f6dc047c6c0ba) Importer(815301076,1909f56bfc062723c751e8b465ee728b)
Start importing Assets/DAE format/treeLarge.dae using Guid(49f04062e0eefe84ea9f6dc047c6c0ba) Importer(815301076,1909f56bfc062723c751e8b465ee728b)  -> (artifact id: 'fe2599f2433b9e403c032f083ad41aa0') in 0.016472 seconds 
========================================================================
Received Import Request.
  Time since last request: 0.000178 seconds.
  path: Assets/DAE format/tree.dae
  artifactKey: Guid(0f74bf33527923d47aa929a885e044b6) Importer(815301076,1909f56bfc062723c751e8b465ee728b)
Start importing Assets/DAE format/tree.dae using Guid(0f74bf33527923d47aa929a885e044b6) Importer(815301076,1909f56bfc062723c751e8b465ee728b)  -> (artifact id: 'c453056526aa052aedc312211d0b62ac') in 0.019284 seconds 
========================================================================
Received Import Request.
  Time since last request: 0.000148 seconds.
  path: Assets/DAE format/resourceStone.dae
  artifactKey: Guid(ade4c8d92eb666542966bcb2348a870d) Importer(815301076,1909f56bfc062723c751e8b465ee728b)
Start importing Assets/DAE format/resourceStone.dae using Guid(ade4c8d92eb666542966bcb2348a870d) Importer(815301076,1909f56bfc062723c751e8b465ee728b)  -> (artifact id: 'd978ddab508efe51c534b966429f423d') in 0.013501 seconds 
========================================================================
Received Import Request.
  Time since last request: 0.000156 seconds.
  path: Assets/DAE format/rockB.dae
  artifactKey: Guid(9f7bc7b677dadc14e9402720b458b742) Importer(815301076,1909f56bfc062723c751e8b465ee728b)
Start importing Assets/DAE format/rockB.dae using Guid(9f7bc7b677dadc14e9402720b458b742) Importer(815301076,1909f56bfc062723c751e8b465ee728b)  -> (artifact id: 'ea4c0989912a5652d862341b61ce5600') in 0.013623 seconds 
========================================================================
Received Import Request.
  Time since last request: 0.000172 seconds.
  path: Assets/DAE format/toolShovel.dae
  artifactKey: Guid(ea7baee8fd89d234f97b8d0f3ed96553) Importer(815301076,1909f56bfc062723c751e8b465ee728b)
Start importing Assets/DAE format/toolShovel.dae using Guid(ea7baee8fd89d234f97b8d0f3ed96553) Importer(815301076,1909f56bfc062723c751e8b465ee728b)  -> (artifact id: '4ffd7d0a79519929c68d5dc05bdaa2e4') in 0.019692 seconds 
========================================================================
Received Import Request.
  Time since last request: 0.000149 seconds.
  path: Assets/DAE format/bedroll.dae
  artifactKey: Guid(88260957755ccf64eb194b2eef9ecf8f) Importer(815301076,1909f56bfc062723c751e8b465ee728b)
Start importing Assets/DAE format/bedroll.dae using Guid(88260957755ccf64eb194b2eef9ecf8f) Importer(815301076,1909f56bfc062723c751e8b465ee728b)  -> (artifact id: '37f51b78ef59b13502d126f3c43c709f') in 0.016857 seconds 
========================================================================
Received Import Request.
  Time since last request: 0.000152 seconds.
  path: Assets/DAE format/fenceFortified.dae
  artifactKey: Guid(969a14728ef72194ba66db1ebdbdf08e) Importer(815301076,1909f56bfc062723c751e8b465ee728b)
Start importing Assets/DAE format/fenceFortified.dae using Guid(969a14728ef72194ba66db1ebdbdf08e) Importer(815301076,1909f56bfc062723c751e8b465ee728b)  -> (artifact id: '6b17c3d153716eb303e18c4b028d0db0') in 0.016153 seconds 
========================================================================
Received Import Request.
  Time since last request: 0.000147 seconds.
  path: Assets/DAE format/fish.dae
  artifactKey: Guid(ee4a50fa5fdb95a47997d80e2a66be41) Importer(815301076,1909f56bfc062723c751e8b465ee728b)
Start importing Assets/DAE format/fish.dae using Guid(ee4a50fa5fdb95a47997d80e2a66be41) Importer(815301076,1909f56bfc062723c751e8b465ee728b)  -> (artifact id: '2c118d5f84f4500030463928b9298a71') in 0.020174 seconds 
========================================================================
Received Import Request.
  Time since last request: 0.000161 seconds.
  path: Assets/DAE format/workbench.dae
  artifactKey: Guid(38476985ac01d754c958e66fe6ed6ebf) Importer(815301076,1909f56bfc062723c751e8b465ee728b)
Start importing Assets/DAE format/workbench.dae using Guid(38476985ac01d754c958e66fe6ed6ebf) Importer(815301076,1909f56bfc062723c751e8b465ee728b)  -> (artifact id: '74e97db91c868324ac7bcc88053efec2') in 0.032661 seconds 
========================================================================
Received Import Request.
  Time since last request: 0.000160 seconds.
  path: Assets/DAE format/tentClosed.dae
  artifactKey: Guid(5d52e911454e66545977169238b06e5d) Importer(815301076,1909f56bfc062723c751e8b465ee728b)
Start importing Assets/DAE format/tentClosed.dae using Guid(5d52e911454e66545977169238b06e5d) Importer(815301076,1909f56bfc062723c751e8b465ee728b)  -> (artifact id: '5bb37e525901235df452f77ddb88b4c9') in 0.015975 seconds 
========================================================================
Received Import Request.
  Time since last request: 0.000169 seconds.
  path: Assets/DAE format/structureCloth.dae
  artifactKey: Guid(538d1763cc1bca24ea93c51eb96e5e08) Importer(815301076,1909f56bfc062723c751e8b465ee728b)
Start importing Assets/DAE format/structureCloth.dae using Guid(538d1763cc1bca24ea93c51eb96e5e08) Importer(815301076,1909f56bfc062723c751e8b465ee728b)  -> (artifact id: '45e86e8c8367fdfd9d8beb73272441bb') in 0.016630 seconds 
========================================================================
Received Import Request.
  Time since last request: 0.000150 seconds.
  path: Assets/DAE format/structureRoof.dae
  artifactKey: Guid(90138947abba2f64d9f0f3e07882a6ee) Importer(815301076,1909f56bfc062723c751e8b465ee728b)
Start importing Assets/DAE format/structureRoof.dae using Guid(90138947abba2f64d9f0f3e07882a6ee) Importer(815301076,1909f56bfc062723c751e8b465ee728b)  -> (artifact id: '2e74b730cdc1a811c7e80931835ddc02') in 0.016361 seconds 
========================================================================
Received Import Request.
  Time since last request: 0.000160 seconds.
  path: Assets/DAE format/rockFlatGrass.dae
  artifactKey: Guid(e2c0208636a46af4287884860760496a) Importer(815301076,1909f56bfc062723c751e8b465ee728b)
Start importing Assets/DAE format/rockFlatGrass.dae using Guid(e2c0208636a46af4287884860760496a) Importer(815301076,1909f56bfc062723c751e8b465ee728b)  -> (artifact id: '7fc51bf95b094a5b6c4f70fd6e5b0ec5') in 0.016106 seconds 
========================================================================
Received Import Request.
  Time since last request: 0.000144 seconds.
  path: Assets/DAE format/toolPickaxe.dae
  artifactKey: Guid(f84c1f68ab531064c9065ae8a8169a44) Importer(815301076,1909f56bfc062723c751e8b465ee728b)
Start importing Assets/DAE format/toolPickaxe.dae using Guid(f84c1f68ab531064c9065ae8a8169a44) Importer(815301076,1909f56bfc062723c751e8b465ee728b)  -> (artifact id: 'e4263bc2d907d99c994664386350bca7') in 0.015552 seconds 
========================================================================
Received Import Request.
  Time since last request: 0.000143 seconds.
  path: Assets/DAE format/bedrollPacked.dae
  artifactKey: Guid(0047cbfb4c53c944380d44dc616ef4dc) Importer(815301076,1909f56bfc062723c751e8b465ee728b)
Start importing Assets/DAE format/bedrollPacked.dae using Guid(0047cbfb4c53c944380d44dc616ef4dc) Importer(815301076,1909f56bfc062723c751e8b465ee728b)  -> (artifact id: '4180ae59014d50f0f3af04b33f9f1ccf') in 0.019181 seconds 
========================================================================
Received Import Request.
  Time since last request: 0.000177 seconds.
  path: Assets/DAE format/box.dae
  artifactKey: Guid(8f1d798378d4b414f9116ad189a115fb) Importer(815301076,1909f56bfc062723c751e8b465ee728b)
Start importing Assets/DAE format/box.dae using Guid(8f1d798378d4b414f9116ad189a115fb) Importer(815301076,1909f56bfc062723c751e8b465ee728b)  -> (artifact id: 'e86e822806126a29b6a187673aef4b29') in 0.016043 seconds 
========================================================================
Received Import Request.
  Time since last request: 0.000162 seconds.
  path: Assets/DAE format/chest.dae
  artifactKey: Guid(55c9124aaf1098b438cafc4d3b4742ae) Importer(815301076,1909f56bfc062723c751e8b465ee728b)
Start importing Assets/DAE format/chest.dae using Guid(55c9124aaf1098b438cafc4d3b4742ae) Importer(815301076,1909f56bfc062723c751e8b465ee728b)  -> (artifact id: '8a227bf74fbe6f9d91138f7360dba122') in 0.025476 seconds 
========================================================================
Received Import Request.
  Time since last request: 0.000146 seconds.
  path: Assets/DAE format/fence.dae
  artifactKey: Guid(ff5c35991b3cd084f83f70f4f93aa74e) Importer(815301076,1909f56bfc062723c751e8b465ee728b)
Start importing Assets/DAE format/fence.dae using Guid(ff5c35991b3cd084f83f70f4f93aa74e) Importer(815301076,1909f56bfc062723c751e8b465ee728b)  -> (artifact id: '1397508bb7b21bc041230a367f6b8313') in 0.013036 seconds 
========================================================================
Received Import Request.
  Time since last request: 0.000147 seconds.
  path: Assets/DAE format/grass.dae
  artifactKey: Guid(34079231d9ff30048a98cefa2c565d7b) Importer(815301076,1909f56bfc062723c751e8b465ee728b)
Start importing Assets/DAE format/grass.dae using Guid(34079231d9ff30048a98cefa2c565d7b) Importer(815301076,1909f56bfc062723c751e8b465ee728b)  -> (artifact id: '138e2a803605307bc7eb25866b305322') in 0.012989 seconds 
========================================================================
Received Import Request.
  Time since last request: 0.000177 seconds.
  path: Assets/DAE format/workbenchAnvil.dae
  artifactKey: Guid(cd2c03f5253041a42a28e52b930ae19e) Importer(815301076,1909f56bfc062723c751e8b465ee728b)
Start importing Assets/DAE format/workbenchAnvil.dae using Guid(cd2c03f5253041a42a28e52b930ae19e) Importer(815301076,1909f56bfc062723c751e8b465ee728b)  -> (artifact id: '05c54eabb1801fc69fd14e95ab1ff13b') in 0.025349 seconds 
========================================================================
Received Prepare
Registering precompiled user dll's ...
Registered in 0.002060 seconds.
Begin MonoManager ReloadAssembly
Native extension for WindowsStandalone target not found
Native extension for WebGL target not found
Refreshing native plugins compatible for Editor in 0.31 ms, found 2 plugins.
Preloading 0 native plugins for Editor in 0.00 ms.
Mono: successfully reloaded assembly
- Completed reload, in  0.709 seconds
Domain Reload Profiling:
	ReloadAssembly (709ms)
		BeginReloadAssembly (85ms)
			ExecutionOrderSort (0ms)
			DisableScriptedObjects (3ms)
			BackupInstance (0ms)
			ReleaseScriptingObjects (0ms)
			CreateAndSetChildDomain (25ms)
		EndReloadAssembly (578ms)
			LoadAssemblies (68ms)
			RebuildTransferFunctionScriptingTraits (0ms)
			SetupTypeCache (205ms)
			ReleaseScriptCaches (1ms)
			RebuildScriptCaches (29ms)
			SetupLoadedEditorAssemblies (207ms)
				LogAssemblyErrors (0ms)
				InitializePlatformSupportModulesInManaged (4ms)
				SetLoadedEditorAssemblies (0ms)
				RefreshPlugins (0ms)
				BeforeProcessingInitializeOnLoad (57ms)
				ProcessInitializeOnLoadAttributes (134ms)
				ProcessInitializeOnLoadMethodAttributes (6ms)
				AfterProcessingInitializeOnLoad (5ms)
				EditorAssembliesLoaded (0ms)
			ExecutionOrderSort2 (0ms)
			AwakeInstancesAfterBackupRestoration (5ms)
Platform modules already initialized, skipping
Refreshing native plugins compatible for Editor in 0.31 ms, found 2 plugins.
Preloading 0 native plugins for Editor in 0.00 ms.
Unloading 1501 Unused Serialized files (Serialized files now loaded: 0)
System memory in use before: 72.1 MB.
System memory in use after: 72.2 MB.

Unloading 11 unused Assets to reduce memory usage. Loaded Objects now: 1998.
Total: 1.954100 ms (FindLiveObjects: 0.097200 ms CreateObjectMapping: 0.037400 ms MarkObjects: 1.804100 ms  DeleteObjects: 0.014900 ms)

AssetImportParameters requested are different than current active one (requested -> active):
  custom:framework-win-MediaFoundation: 216162199b28c13a410421893ffa2e32 -> 
  custom:video-decoder-ogg-theora: a1e56fd34408186e4bbccfd4996cb3dc -> 
  custom:container-muxer-webm: aa71ff27fc2769a1b78a27578f13a17b -> 
  custom:container-demuxer-webm: 4f35f7cbe854078d1ac9338744f61a02 -> 
  custom:container-demuxer-ogg: 62fdf1f143b41e24485cea50d1cbac27 -> 
  custom:video-encoder-webm-vp8: eb34c28f22e8b96e1ab97ce403110664 -> 
  custom:video-codec-MediaFoundation-h265: 746d11721c4dcdbdad8f713fa42b33f4 -> 
  custom:video-decoder-webm-vp8: 9c59270c3fd7afecdb556c50c9e8de78 -> 
  custom:audio-decoder-ogg-vorbis: bf7c407c2cedff20999df2af8eb42d56 -> 
  custom:audio-encoder-webm-vorbis: bf7c407c2cedff20999df2af8eb42d56 -> 
========================================================================
Received Prepare
Registering precompiled user dll's ...
Registered in 0.002207 seconds.
Begin MonoManager ReloadAssembly
Native extension for WindowsStandalone target not found
Native extension for WebGL target not found
Refreshing native plugins compatible for Editor in 0.27 ms, found 2 plugins.
Preloading 0 native plugins for Editor in 0.00 ms.
Mono: successfully reloaded assembly
- Completed reload, in  0.708 seconds
Domain Reload Profiling:
	ReloadAssembly (709ms)
		BeginReloadAssembly (88ms)
			ExecutionOrderSort (0ms)
			DisableScriptedObjects (3ms)
			BackupInstance (0ms)
			ReleaseScriptingObjects (0ms)
			CreateAndSetChildDomain (23ms)
		EndReloadAssembly (574ms)
			LoadAssemblies (72ms)
			RebuildTransferFunctionScriptingTraits (0ms)
			SetupTypeCache (198ms)
			ReleaseScriptCaches (1ms)
			RebuildScriptCaches (29ms)
			SetupLoadedEditorAssemblies (208ms)
				LogAssemblyErrors (0ms)
				InitializePlatformSupportModulesInManaged (4ms)
				SetLoadedEditorAssemblies (0ms)
				RefreshPlugins (0ms)
				BeforeProcessingInitializeOnLoad (58ms)
				ProcessInitializeOnLoadAttributes (134ms)
				ProcessInitializeOnLoadMethodAttributes (6ms)
				AfterProcessingInitializeOnLoad (5ms)
				EditorAssembliesLoaded (0ms)
			ExecutionOrderSort2 (0ms)
			AwakeInstancesAfterBackupRestoration (5ms)
Platform modules already initialized, skipping
Refreshing native plugins compatible for Editor in 0.28 ms, found 2 plugins.
Preloading 0 native plugins for Editor in 0.00 ms.
Unloading 1501 Unused Serialized files (Serialized files now loaded: 0)
System memory in use before: 72.1 MB.
System memory in use after: 72.3 MB.

Unloading 11 unused Assets to reduce memory usage. Loaded Objects now: 2001.
Total: 1.987600 ms (FindLiveObjects: 0.106900 ms CreateObjectMapping: 0.038300 ms MarkObjects: 1.825800 ms  DeleteObjects: 0.016200 ms)

AssetImportParameters requested are different than current active one (requested -> active):
  custom:framework-win-MediaFoundation: 216162199b28c13a410421893ffa2e32 -> 
  custom:video-decoder-ogg-theora: a1e56fd34408186e4bbccfd4996cb3dc -> 
  custom:container-muxer-webm: aa71ff27fc2769a1b78a27578f13a17b -> 
  custom:container-demuxer-webm: 4f35f7cbe854078d1ac9338744f61a02 -> 
  custom:container-demuxer-ogg: 62fdf1f143b41e24485cea50d1cbac27 -> 
  custom:video-encoder-webm-vp8: eb34c28f22e8b96e1ab97ce403110664 -> 
  custom:video-codec-MediaFoundation-h265: 746d11721c4dcdbdad8f713fa42b33f4 -> 
  custom:video-decoder-webm-vp8: 9c59270c3fd7afecdb556c50c9e8de78 -> 
  custom:audio-decoder-ogg-vorbis: bf7c407c2cedff20999df2af8eb42d56 -> 
  custom:audio-encoder-webm-vorbis: bf7c407c2cedff20999df2af8eb42d56 -> 
========================================================================
Received Prepare
Registering precompiled user dll's ...
Registered in 0.002181 seconds.
Begin MonoManager ReloadAssembly
Native extension for WindowsStandalone target not found
Native extension for WebGL target not found
Refreshing native plugins compatible for Editor in 0.26 ms, found 2 plugins.
Preloading 0 native plugins for Editor in 0.00 ms.
Mono: successfully reloaded assembly
- Completed reload, in  0.702 seconds
Domain Reload Profiling:
	ReloadAssembly (703ms)
		BeginReloadAssembly (87ms)
			ExecutionOrderSort (0ms)
			DisableScriptedObjects (4ms)
			BackupInstance (0ms)
			ReleaseScriptingObjects (0ms)
			CreateAndSetChildDomain (23ms)
		EndReloadAssembly (569ms)
			LoadAssemblies (71ms)
			RebuildTransferFunctionScriptingTraits (0ms)
			SetupTypeCache (196ms)
			ReleaseScriptCaches (1ms)
			RebuildScriptCaches (30ms)
			SetupLoadedEditorAssemblies (206ms)
				LogAssemblyErrors (0ms)
				InitializePlatformSupportModulesInManaged (4ms)
				SetLoadedEditorAssemblies (0ms)
				RefreshPlugins (0ms)
				BeforeProcessingInitializeOnLoad (59ms)
				ProcessInitializeOnLoadAttributes (131ms)
				ProcessInitializeOnLoadMethodAttributes (6ms)
				AfterProcessingInitializeOnLoad (5ms)
				EditorAssembliesLoaded (0ms)
			ExecutionOrderSort2 (0ms)
			AwakeInstancesAfterBackupRestoration (5ms)
Platform modules already initialized, skipping
Refreshing native plugins compatible for Editor in 0.25 ms, found 2 plugins.
Preloading 0 native plugins for Editor in 0.00 ms.
Unloading 1501 Unused Serialized files (Serialized files now loaded: 0)
System memory in use before: 72.1 MB.
System memory in use after: 72.3 MB.

Unloading 11 unused Assets to reduce memory usage. Loaded Objects now: 2004.
Total: 1.978200 ms (FindLiveObjects: 0.103300 ms CreateObjectMapping: 0.039800 ms MarkObjects: 1.819900 ms  DeleteObjects: 0.014700 ms)

AssetImportParameters requested are different than current active one (requested -> active):
  custom:framework-win-MediaFoundation: 216162199b28c13a410421893ffa2e32 -> 
  custom:video-decoder-ogg-theora: a1e56fd34408186e4bbccfd4996cb3dc -> 
  custom:container-muxer-webm: aa71ff27fc2769a1b78a27578f13a17b -> 
  custom:container-demuxer-webm: 4f35f7cbe854078d1ac9338744f61a02 -> 
  custom:container-demuxer-ogg: 62fdf1f143b41e24485cea50d1cbac27 -> 
  custom:video-encoder-webm-vp8: eb34c28f22e8b96e1ab97ce403110664 -> 
  custom:video-codec-MediaFoundation-h265: 746d11721c4dcdbdad8f713fa42b33f4 -> 
  custom:video-decoder-webm-vp8: 9c59270c3fd7afecdb556c50c9e8de78 -> 
  custom:audio-decoder-ogg-vorbis: bf7c407c2cedff20999df2af8eb42d56 -> 
  custom:audio-encoder-webm-vorbis: bf7c407c2cedff20999df2af8eb42d56 -> 
========================================================================
Received Prepare
Registering precompiled user dll's ...
Registered in 0.002123 seconds.
Begin MonoManager ReloadAssembly
Native extension for WindowsStandalone target not found
Native extension for WebGL target not found
Refreshing native plugins compatible for Editor in 0.28 ms, found 2 plugins.
Preloading 0 native plugins for Editor in 0.00 ms.
Mono: successfully reloaded assembly
- Completed reload, in  0.693 seconds
Domain Reload Profiling:
	ReloadAssembly (693ms)
		BeginReloadAssembly (86ms)
			ExecutionOrderSort (0ms)
			DisableScriptedObjects (4ms)
			BackupInstance (0ms)
			ReleaseScriptingObjects (0ms)
			CreateAndSetChildDomain (23ms)
		EndReloadAssembly (559ms)
			LoadAssemblies (67ms)
			RebuildTransferFunctionScriptingTraits (0ms)
			SetupTypeCache (193ms)
			ReleaseScriptCaches (1ms)
			RebuildScriptCaches (29ms)
			SetupLoadedEditorAssemblies (204ms)
				LogAssemblyErrors (0ms)
				InitializePlatformSupportModulesInManaged (4ms)
				SetLoadedEditorAssemblies (0ms)
				RefreshPlugins (0ms)
				BeforeProcessingInitializeOnLoad (57ms)
				ProcessInitializeOnLoadAttributes (131ms)
				ProcessInitializeOnLoadMethodAttributes (6ms)
				AfterProcessingInitializeOnLoad (5ms)
				EditorAssembliesLoaded (0ms)
			ExecutionOrderSort2 (0ms)
			AwakeInstancesAfterBackupRestoration (5ms)
Platform modules already initialized, skipping
Refreshing native plugins compatible for Editor in 0.27 ms, found 2 plugins.
Preloading 0 native plugins for Editor in 0.00 ms.
Unloading 1501 Unused Serialized files (Serialized files now loaded: 0)
System memory in use before: 72.2 MB.
System memory in use after: 72.3 MB.

Unloading 11 unused Assets to reduce memory usage. Loaded Objects now: 2007.
Total: 1.902400 ms (FindLiveObjects: 0.102100 ms CreateObjectMapping: 0.043600 ms MarkObjects: 1.742900 ms  DeleteObjects: 0.013400 ms)

AssetImportParameters requested are different than current active one (requested -> active):
  custom:framework-win-MediaFoundation: 216162199b28c13a410421893ffa2e32 -> 
  custom:video-decoder-ogg-theora: a1e56fd34408186e4bbccfd4996cb3dc -> 
  custom:container-muxer-webm: aa71ff27fc2769a1b78a27578f13a17b -> 
  custom:container-demuxer-webm: 4f35f7cbe854078d1ac9338744f61a02 -> 
  custom:container-demuxer-ogg: 62fdf1f143b41e24485cea50d1cbac27 -> 
  custom:video-encoder-webm-vp8: eb34c28f22e8b96e1ab97ce403110664 -> 
  custom:video-codec-MediaFoundation-h265: 746d11721c4dcdbdad8f713fa42b33f4 -> 
  custom:video-decoder-webm-vp8: 9c59270c3fd7afecdb556c50c9e8de78 -> 
  custom:audio-decoder-ogg-vorbis: bf7c407c2cedff20999df2af8eb42d56 -> 
  custom:audio-encoder-webm-vorbis: bf7c407c2cedff20999df2af8eb42d56 -> 
========================================================================
Received Prepare
Registering precompiled user dll's ...
Registered in 0.002171 seconds.
Begin MonoManager ReloadAssembly
Native extension for WindowsStandalone target not found
Native extension for WebGL target not found
Refreshing native plugins compatible for Editor in 0.28 ms, found 2 plugins.
Preloading 0 native plugins for Editor in 0.00 ms.
Mono: successfully reloaded assembly
- Completed reload, in  0.703 seconds
Domain Reload Profiling:
	ReloadAssembly (703ms)
		BeginReloadAssembly (84ms)
			ExecutionOrderSort (0ms)
			DisableScriptedObjects (4ms)
			BackupInstance (0ms)
			ReleaseScriptingObjects (0ms)
			CreateAndSetChildDomain (22ms)
		EndReloadAssembly (573ms)
			LoadAssemblies (68ms)
			RebuildTransferFunctionScriptingTraits (0ms)
			SetupTypeCache (202ms)
			ReleaseScriptCaches (1ms)
			RebuildScriptCaches (29ms)
			SetupLoadedEditorAssemblies (207ms)
				LogAssemblyErrors (0ms)
				InitializePlatformSupportModulesInManaged (4ms)
				SetLoadedEditorAssemblies (0ms)
				RefreshPlugins (0ms)
				BeforeProcessingInitializeOnLoad (57ms)
				ProcessInitializeOnLoadAttributes (134ms)
				ProcessInitializeOnLoadMethodAttributes (6ms)
				AfterProcessingInitializeOnLoad (5ms)
				EditorAssembliesLoaded (0ms)
			ExecutionOrderSort2 (0ms)
			AwakeInstancesAfterBackupRestoration (5ms)
Platform modules already initialized, skipping
Refreshing native plugins compatible for Editor in 0.26 ms, found 2 plugins.
Preloading 0 native plugins for Editor in 0.00 ms.
Unloading 1501 Unused Serialized files (Serialized files now loaded: 0)
System memory in use before: 72.2 MB.
System memory in use after: 72.3 MB.

Unloading 11 unused Assets to reduce memory usage. Loaded Objects now: 2010.
Total: 2.134100 ms (FindLiveObjects: 0.115800 ms CreateObjectMapping: 0.037500 ms MarkObjects: 1.965700 ms  DeleteObjects: 0.014300 ms)

AssetImportParameters requested are different than current active one (requested -> active):
  custom:framework-win-MediaFoundation: 216162199b28c13a410421893ffa2e32 -> 
  custom:video-decoder-ogg-theora: a1e56fd34408186e4bbccfd4996cb3dc -> 
  custom:container-muxer-webm: aa71ff27fc2769a1b78a27578f13a17b -> 
  custom:container-demuxer-webm: 4f35f7cbe854078d1ac9338744f61a02 -> 
  custom:container-demuxer-ogg: 62fdf1f143b41e24485cea50d1cbac27 -> 
  custom:video-encoder-webm-vp8: eb34c28f22e8b96e1ab97ce403110664 -> 
  custom:video-codec-MediaFoundation-h265: 746d11721c4dcdbdad8f713fa42b33f4 -> 
  custom:video-decoder-webm-vp8: 9c59270c3fd7afecdb556c50c9e8de78 -> 
  custom:audio-decoder-ogg-vorbis: bf7c407c2cedff20999df2af8eb42d56 -> 
  custom:audio-encoder-webm-vorbis: bf7c407c2cedff20999df2af8eb42d56 -> 
========================================================================
Received Prepare
Registering precompiled user dll's ...
Registered in 0.002268 seconds.
Begin MonoManager ReloadAssembly
Native extension for WindowsStandalone target not found
Native extension for WebGL target not found
Refreshing native plugins compatible for Editor in 0.30 ms, found 2 plugins.
Preloading 0 native plugins for Editor in 0.00 ms.
Mono: successfully reloaded assembly
- Completed reload, in  0.706 seconds
Domain Reload Profiling:
	ReloadAssembly (706ms)
		BeginReloadAssembly (84ms)
			ExecutionOrderSort (0ms)
			DisableScriptedObjects (3ms)
			BackupInstance (0ms)
			ReleaseScriptingObjects (0ms)
			CreateAndSetChildDomain (23ms)
		EndReloadAssembly (575ms)
			LoadAssemblies (67ms)
			RebuildTransferFunctionScriptingTraits (0ms)
			SetupTypeCache (198ms)
			ReleaseScriptCaches (1ms)
			RebuildScriptCaches (29ms)
			SetupLoadedEditorAssemblies (214ms)
				LogAssemblyErrors (0ms)
				InitializePlatformSupportModulesInManaged (4ms)
				SetLoadedEditorAssemblies (0ms)
				RefreshPlugins (0ms)
				BeforeProcessingInitializeOnLoad (64ms)
				ProcessInitializeOnLoadAttributes (133ms)
				ProcessInitializeOnLoadMethodAttributes (6ms)
				AfterProcessingInitializeOnLoad (5ms)
				EditorAssembliesLoaded (0ms)
			ExecutionOrderSort2 (0ms)
			AwakeInstancesAfterBackupRestoration (5ms)
Platform modules already initialized, skipping
Refreshing native plugins compatible for Editor in 0.22 ms, found 2 plugins.
Preloading 0 native plugins for Editor in 0.00 ms.
Unloading 1501 Unused Serialized files (Serialized files now loaded: 0)
System memory in use before: 72.2 MB.
System memory in use after: 72.3 MB.

Unloading 11 unused Assets to reduce memory usage. Loaded Objects now: 2013.
Total: 1.953600 ms (FindLiveObjects: 0.116900 ms CreateObjectMapping: 0.044900 ms MarkObjects: 1.776000 ms  DeleteObjects: 0.015100 ms)

AssetImportParameters requested are different than current active one (requested -> active):
  custom:framework-win-MediaFoundation: 216162199b28c13a410421893ffa2e32 -> 
  custom:video-decoder-ogg-theora: a1e56fd34408186e4bbccfd4996cb3dc -> 
  custom:container-muxer-webm: aa71ff27fc2769a1b78a27578f13a17b -> 
  custom:container-demuxer-webm: 4f35f7cbe854078d1ac9338744f61a02 -> 
  custom:container-demuxer-ogg: 62fdf1f143b41e24485cea50d1cbac27 -> 
  custom:video-encoder-webm-vp8: eb34c28f22e8b96e1ab97ce403110664 -> 
  custom:video-codec-MediaFoundation-h265: 746d11721c4dcdbdad8f713fa42b33f4 -> 
  custom:video-decoder-webm-vp8: 9c59270c3fd7afecdb556c50c9e8de78 -> 
  custom:audio-decoder-ogg-vorbis: bf7c407c2cedff20999df2af8eb42d56 -> 
  custom:audio-encoder-webm-vorbis: bf7c407c2cedff20999df2af8eb42d56 -> 
========================================================================
Received Import Request.
  Time since last request: 939.555722 seconds.
  path: Assets
  artifactKey: Guid(00000000000000001000000000000000) Importer(815301076,1909f56bfc062723c751e8b465ee728b)
Start importing Assets using Guid(00000000000000001000000000000000) Importer(815301076,1909f56bfc062723c751e8b465ee728b)  -> (artifact id: '42d402b061de3733987d63b9cc3b64de') in 0.004570 seconds 
========================================================================
Received Prepare
Registering precompiled user dll's ...
Registered in 0.002129 seconds.
Begin MonoManager ReloadAssembly
Native extension for WindowsStandalone target not found
Native extension for WebGL target not found
Refreshing native plugins compatible for Editor in 0.27 ms, found 2 plugins.
Preloading 0 native plugins for Editor in 0.00 ms.
Mono: successfully reloaded assembly
- Completed reload, in  0.700 seconds
Domain Reload Profiling:
	ReloadAssembly (701ms)
		BeginReloadAssembly (85ms)
			ExecutionOrderSort (0ms)
			DisableScriptedObjects (3ms)
			BackupInstance (0ms)
			ReleaseScriptingObjects (0ms)
			CreateAndSetChildDomain (22ms)
		EndReloadAssembly (570ms)
			LoadAssemblies (69ms)
			RebuildTransferFunctionScriptingTraits (0ms)
			SetupTypeCache (197ms)
			ReleaseScriptCaches (1ms)
			RebuildScriptCaches (29ms)
			SetupLoadedEditorAssemblies (207ms)
				LogAssemblyErrors (0ms)
				InitializePlatformSupportModulesInManaged (4ms)
				SetLoadedEditorAssemblies (0ms)
				RefreshPlugins (0ms)
				BeforeProcessingInitializeOnLoad (57ms)
				ProcessInitializeOnLoadAttributes (133ms)
				ProcessInitializeOnLoadMethodAttributes (7ms)
				AfterProcessingInitializeOnLoad (5ms)
				EditorAssembliesLoaded (0ms)
			ExecutionOrderSort2 (0ms)
			AwakeInstancesAfterBackupRestoration (5ms)
Platform modules already initialized, skipping
Refreshing native plugins compatible for Editor in 0.25 ms, found 2 plugins.
Preloading 0 native plugins for Editor in 0.00 ms.
Unloading 1501 Unused Serialized files (Serialized files now loaded: 0)
System memory in use before: 72.2 MB.
System memory in use after: 72.3 MB.

Unloading 11 unused Assets to reduce memory usage. Loaded Objects now: 2016.
Total: 1.902900 ms (FindLiveObjects: 0.100600 ms CreateObjectMapping: 0.039800 ms MarkObjects: 1.748700 ms  DeleteObjects: 0.013300 ms)

AssetImportParameters requested are different than current active one (requested -> active):
  custom:framework-win-MediaFoundation: 216162199b28c13a410421893ffa2e32 -> 
  custom:video-decoder-ogg-theora: a1e56fd34408186e4bbccfd4996cb3dc -> 
  custom:container-muxer-webm: aa71ff27fc2769a1b78a27578f13a17b -> 
  custom:container-demuxer-webm: 4f35f7cbe854078d1ac9338744f61a02 -> 
  custom:container-demuxer-ogg: 62fdf1f143b41e24485cea50d1cbac27 -> 
  custom:video-encoder-webm-vp8: eb34c28f22e8b96e1ab97ce403110664 -> 
  custom:video-codec-MediaFoundation-h265: 746d11721c4dcdbdad8f713fa42b33f4 -> 
  custom:video-decoder-webm-vp8: 9c59270c3fd7afecdb556c50c9e8de78 -> 
  custom:audio-decoder-ogg-vorbis: bf7c407c2cedff20999df2af8eb42d56 -> 
  custom:audio-encoder-webm-vorbis: bf7c407c2cedff20999df2af8eb42d56 -> 
========================================================================
Received Import Request.
  Time since last request: 5.491690 seconds.
  path: Assets/Water.mat
  artifactKey: Guid(fb3f3e3533ad71d46bf4e53bdb36cec8) Importer(815301076,1909f56bfc062723c751e8b465ee728b)
Start importing Assets/Water.mat using Guid(fb3f3e3533ad71d46bf4e53bdb36cec8) Importer(815301076,1909f56bfc062723c751e8b465ee728b)  -> (artifact id: '791f23ac966eb62af7726e56a122307f') in 0.045615 seconds 
========================================================================
Received Prepare
Registering precompiled user dll's ...
Registered in 0.002282 seconds.
Begin MonoManager ReloadAssembly
Native extension for WindowsStandalone target not found
Native extension for WebGL target not found
Refreshing native plugins compatible for Editor in 0.27 ms, found 2 plugins.
Preloading 0 native plugins for Editor in 0.00 ms.
Mono: successfully reloaded assembly
- Completed reload, in  0.709 seconds
Domain Reload Profiling:
	ReloadAssembly (709ms)
		BeginReloadAssembly (85ms)
			ExecutionOrderSort (0ms)
			DisableScriptedObjects (3ms)
			BackupInstance (0ms)
			ReleaseScriptingObjects (0ms)
			CreateAndSetChildDomain (25ms)
		EndReloadAssembly (577ms)
			LoadAssemblies (66ms)
			RebuildTransferFunctionScriptingTraits (0ms)
			SetupTypeCache (205ms)
			ReleaseScriptCaches (1ms)
			RebuildScriptCaches (30ms)
			SetupLoadedEditorAssemblies (206ms)
				LogAssemblyErrors (0ms)
				InitializePlatformSupportModulesInManaged (4ms)
				SetLoadedEditorAssemblies (0ms)
				RefreshPlugins (0ms)
				BeforeProcessingInitializeOnLoad (57ms)
				ProcessInitializeOnLoadAttributes (133ms)
				ProcessInitializeOnLoadMethodAttributes (6ms)
				AfterProcessingInitializeOnLoad (5ms)
				EditorAssembliesLoaded (0ms)
			ExecutionOrderSort2 (0ms)
			AwakeInstancesAfterBackupRestoration (5ms)
Platform modules already initialized, skipping
Refreshing native plugins compatible for Editor in 0.26 ms, found 2 plugins.
Preloading 0 native plugins for Editor in 0.00 ms.
Unloading 1501 Unused Serialized files (Serialized files now loaded: 0)
System memory in use before: 72.2 MB.
System memory in use after: 72.3 MB.

Unloading 11 unused Assets to reduce memory usage. Loaded Objects now: 2020.
Total: 2.087300 ms (FindLiveObjects: 0.119400 ms CreateObjectMapping: 0.045000 ms MarkObjects: 1.907500 ms  DeleteObjects: 0.014800 ms)

AssetImportParameters requested are different than current active one (requested -> active):
  custom:framework-win-MediaFoundation: 216162199b28c13a410421893ffa2e32 -> 
  custom:video-decoder-ogg-theora: a1e56fd34408186e4bbccfd4996cb3dc -> 
  custom:container-muxer-webm: aa71ff27fc2769a1b78a27578f13a17b -> 
  custom:container-demuxer-webm: 4f35f7cbe854078d1ac9338744f61a02 -> 
  custom:container-demuxer-ogg: 62fdf1f143b41e24485cea50d1cbac27 -> 
  custom:video-encoder-webm-vp8: eb34c28f22e8b96e1ab97ce403110664 -> 
  custom:video-codec-MediaFoundation-h265: 746d11721c4dcdbdad8f713fa42b33f4 -> 
  custom:video-decoder-webm-vp8: 9c59270c3fd7afecdb556c50c9e8de78 -> 
  custom:audio-decoder-ogg-vorbis: bf7c407c2cedff20999df2af8eb42d56 -> 
  custom:audio-encoder-webm-vorbis: bf7c407c2cedff20999df2af8eb42d56 -> 
========================================================================
Received Prepare
Registering precompiled user dll's ...
Registered in 0.002148 seconds.
Begin MonoManager ReloadAssembly
Native extension for WindowsStandalone target not found
Native extension for WebGL target not found
Refreshing native plugins compatible for Editor in 0.27 ms, found 2 plugins.
Preloading 0 native plugins for Editor in 0.00 ms.
Mono: successfully reloaded assembly
- Completed reload, in  0.707 seconds
Domain Reload Profiling:
	ReloadAssembly (707ms)
		BeginReloadAssembly (85ms)
			ExecutionOrderSort (0ms)
			DisableScriptedObjects (4ms)
			BackupInstance (0ms)
			ReleaseScriptingObjects (0ms)
			CreateAndSetChildDomain (23ms)
		EndReloadAssembly (574ms)
			LoadAssemblies (68ms)
			RebuildTransferFunctionScriptingTraits (0ms)
			SetupTypeCache (196ms)
			ReleaseScriptCaches (1ms)
			RebuildScriptCaches (29ms)
			SetupLoadedEditorAssemblies (211ms)
				LogAssemblyErrors (0ms)
				InitializePlatformSupportModulesInManaged (4ms)
				SetLoadedEditorAssemblies (0ms)
				RefreshPlugins (0ms)
				BeforeProcessingInitializeOnLoad (58ms)
				ProcessInitializeOnLoadAttributes (137ms)
				ProcessInitializeOnLoadMethodAttributes (6ms)
				AfterProcessingInitializeOnLoad (5ms)
				EditorAssembliesLoaded (0ms)
			ExecutionOrderSort2 (0ms)
			AwakeInstancesAfterBackupRestoration (5ms)
Platform modules already initialized, skipping
Refreshing native plugins compatible for Editor in 0.30 ms, found 2 plugins.
Preloading 0 native plugins for Editor in 0.00 ms.
Unloading 1501 Unused Serialized files (Serialized files now loaded: 0)
System memory in use before: 72.2 MB.
System memory in use after: 72.3 MB.

Unloading 11 unused Assets to reduce memory usage. Loaded Objects now: 2023.
Total: 2.020200 ms (FindLiveObjects: 0.107500 ms CreateObjectMapping: 0.041500 ms MarkObjects: 1.853600 ms  DeleteObjects: 0.016900 ms)

AssetImportParameters requested are different than current active one (requested -> active):
  custom:framework-win-MediaFoundation: 216162199b28c13a410421893ffa2e32 -> 
  custom:video-decoder-ogg-theora: a1e56fd34408186e4bbccfd4996cb3dc -> 
  custom:container-muxer-webm: aa71ff27fc2769a1b78a27578f13a17b -> 
  custom:container-demuxer-webm: 4f35f7cbe854078d1ac9338744f61a02 -> 
  custom:container-demuxer-ogg: 62fdf1f143b41e24485cea50d1cbac27 -> 
  custom:video-encoder-webm-vp8: eb34c28f22e8b96e1ab97ce403110664 -> 
  custom:video-codec-MediaFoundation-h265: 746d11721c4dcdbdad8f713fa42b33f4 -> 
  custom:video-decoder-webm-vp8: 9c59270c3fd7afecdb556c50c9e8de78 -> 
  custom:audio-decoder-ogg-vorbis: bf7c407c2cedff20999df2af8eb42d56 -> 
  custom:audio-encoder-webm-vorbis: bf7c407c2cedff20999df2af8eb42d56 -> 
========================================================================
Received Import Request.
  Time since last request: 375.756801 seconds.
  path: Assets/Water.mat
  artifactKey: Guid(fb3f3e3533ad71d46bf4e53bdb36cec8) Importer(815301076,1909f56bfc062723c751e8b465ee728b)
Start importing Assets/Water.mat using Guid(fb3f3e3533ad71d46bf4e53bdb36cec8) Importer(815301076,1909f56bfc062723c751e8b465ee728b)  -> (artifact id: 'fc8c1de5189f2b7a6b83ddc88f9e98d6') in 0.047329 seconds 
========================================================================
Received Import Request.
  Time since last request: 226.087767 seconds.
  path: Assets/IslandGenerator.cs
  artifactKey: Guid(efa7f9b8bf7622343a1f91f3c1f2010e) Importer(815301076,1909f56bfc062723c751e8b465ee728b)
Start importing Assets/IslandGenerator.cs using Guid(efa7f9b8bf7622343a1f91f3c1f2010e) Importer(815301076,1909f56bfc062723c751e8b465ee728b)  -> (artifact id: '53ddf1bb13440c659f3718e8cd66c76b') in 0.004365 seconds 
AssetImportWorkerClient::OnTransportError - code=2 error=End of file
